0 verbose cli /usr/bin/node /usr/lib/node_modules/npm/bin/npm-cli.js
1 info using npm@10.9.4
2 info using node@v22.22.0
3 silly config load:file:/usr/lib/node_modules/npm/npmrc
4 silly config load:file:/home/liam/clawdbot/.npmrc
5 silly config load:file:/home/liam/.npmrc
6 silly config load:file:/usr/etc/npmrc
7 verbose title npm exec clawdbot cron --help
8 verbose argv "exec" "--" "clawdbot" "cron" "--help"
9 verbose logfile logs-max:10 dir:/home/liam/.npm/_logs/2026-01-25T22_25_36_732Z-
10 verbose logfile /home/liam/.npm/_logs/2026-01-25T22_25_36_732Z-debug-0.log
11 silly logfile start cleaning logs, removing 1 files
12 silly logfile done cleaning log files
13 silly packumentCache heap:4345298944 maxSize:1086324736 maxEntrySize:543162368
14 silly packumentCache heap:4345298944 maxSize:1086324736 maxEntrySize:543162368
15 verbose shrinkwrap failed to load node_modules/.package-lock.json missing from lockfile: ../../../clawdbot/node_modules/.pnpm/body-parser@2.2.2/node_modules/body-parser
16 silly idealTree buildDeps
17 silly placeDep ROOT clawdbot@2026.1.24-0 REPLACE for:  want: file:../../../clawdbot
18 silly reify moves {}
19 silly audit bulk request { clawdbot: [ '2026.1.24-0' ] }
20 info run clawdbot@2026.1.24-0 postinstall ../../../clawdbot node scripts/postinstall.js
21 info run clawdbot@2026.1.24-0 postinstall { code: 0, signal: null }
22 http fetch POST 200 https://registry.npmjs.org/-/npm/v1/security/advisories/bulk 167ms
23 silly audit report {}
24 verbose cwd /home/liam/clawdbot
25 verbose os Linux 6.6.87.2-microsoft-standard-WSL2
26 verbose node v22.22.0
27 verbose npm  v10.9.4
28 verbose exit 0
29 info ok
