0 verbose cli /usr/bin/node /usr/bin/npm
1 info using npm@10.9.4
2 info using node@v22.22.0
3 silly config load:file:/usr/lib/node_modules/npm/npmrc
4 silly config load:file:/home/liam/.local/.npmrc
5 silly config load:file:/home/liam/.npmrc
6 silly config load:file:/home/liam/.local/etc/npmrc
7 verbose title npm i undici
8 verbose argv "i" "undici" "--prefix" "/home/liam/.local"
9 verbose logfile logs-max:10 dir:/home/liam/.npm/_logs/2026-01-26T06_04_14_754Z-
10 verbose logfile /home/liam/.npm/_logs/2026-01-26T06_04_14_754Z-debug-0.log
11 silly logfile start cleaning logs, removing 1 files
12 silly logfile done cleaning log files
13 silly packumentCache heap:4345298944 maxSize:1086324736 maxEntrySize:543162368
14 silly idealTree buildDeps
15 silly fetch manifest undici@*
16 silly packumentCache full:https://registry.npmjs.org/undici cache-miss
17 http fetch GET 200 https://registry.npmjs.org/undici 208ms (cache miss)
18 silly packumentCache full:https://registry.npmjs.org/undici set size:undefined disposed:false
19 silly placeDep ROOT undici@7.19.1 OK for:  want: *
20 silly reify moves {}
21 silly audit bulk request {
21 silly audit   '@ark/schema': [ '0.56.0' ],
21 silly audit   '@ark/util': [ '0.56.0' ],
21 silly audit   '@clack/core': [ '0.5.0' ],
21 silly audit   '@clack/prompts': [ '0.11.0' ],
21 silly audit   'ansi-regex': [ '6.2.2' ],
21 silly audit   arkregex: [ '0.0.5' ],
21 silly audit   arktype: [ '2.1.29' ],
21 silly audit   chalk: [ '5.6.2' ],
21 silly audit   clawdhub: [ '0.3.0' ],
21 silly audit   'cli-cursor': [ '5.0.0' ],
21 silly audit   'cli-spinners': [ '3.4.0' ],
21 silly audit   commander: [ '14.0.2' ],
21 silly audit   fflate: [ '0.8.2' ],
21 silly audit   'get-east-asian-width': [ '1.4.0' ],
21 silly audit   ignore: [ '7.0.5' ],
21 silly audit   'is-interactive': [ '2.0.0' ],
21 silly audit   'is-network-error': [ '1.3.0' ],
21 silly audit   'is-unicode-supported': [ '2.1.0' ],
21 silly audit   json5: [ '2.2.3' ],
21 silly audit   'log-symbols': [ '7.0.1' ],
21 silly audit   mime: [ '4.1.0' ],
21 silly audit   'mimic-function': [ '5.0.1' ],
21 silly audit   onetime: [ '7.0.0' ],
21 silly audit   ora: [ '9.1.0' ],
21 silly audit   'p-retry': [ '7.1.1' ],
21 silly audit   picocolors: [ '1.1.1' ],
21 silly audit   'restore-cursor': [ '5.1.0' ],
21 silly audit   semver: [ '7.7.3' ],
21 silly audit   'signal-exit': [ '4.1.0' ],
21 silly audit   sisteransi: [ '1.0.5' ],
21 silly audit   'stdin-discarder': [ '0.2.2' ],
21 silly audit   'string-width': [ '8.1.0' ],
21 silly audit   'strip-ansi': [ '7.1.2' ],
21 silly audit   yoctocolors: [ '2.1.2' ],
21 silly audit   undici: [ '7.19.1' ]
21 silly audit }
22 http cache undici@https://registry.npmjs.org/undici/-/undici-7.19.1.tgz 0ms (cache hit)
23 silly tarball no local data for undici@https://registry.npmjs.org/undici/-/undici-7.19.1.tgz. Extracting by manifest.
24 http fetch POST 200 https://registry.npmjs.org/-/npm/v1/security/advisories/bulk 86ms
25 silly audit report {}
26 http fetch GET 200 https://registry.npmjs.org/undici/-/undici-7.19.1.tgz 229ms (cache miss)
27 silly ADD node_modules/undici
28 verbose cwd /home/liam/clawdbot/skills/zai-search
29 verbose os Linux 6.6.87.2-microsoft-standard-WSL2
30 verbose node v22.22.0
31 verbose npm  v10.9.4
32 verbose exit 0
33 info ok
