0 verbose cli /usr/bin/node /usr/bin/npm
1 info using npm@10.9.4
2 info using node@v22.22.0
3 silly config load:file:/usr/lib/node_modules/npm/npmrc
4 silly config load:file:/home/liam/.local/.npmrc
5 silly config load:file:/home/liam/.npmrc
6 silly config load:file:/home/liam/.local/etc/npmrc
7 verbose title npm i clawdhub
8 verbose argv "i" "clawdhub" "--prefix" "/home/liam/.local"
9 verbose logfile logs-max:10 dir:/home/liam/.npm/_logs/2026-01-26T06_03_33_042Z-
10 verbose logfile /home/liam/.npm/_logs/2026-01-26T06_03_33_042Z-debug-0.log
11 silly logfile start cleaning logs, removing 1 files
12 silly packumentCache heap:4345298944 maxSize:1086324736 maxEntrySize:543162368
13 silly logfile done cleaning log files
14 silly idealTree buildDeps
15 silly fetch manifest clawdhub@*
16 silly packumentCache full:https://registry.npmjs.org/clawdhub cache-miss
17 http cache https://registry.npmjs.org/clawdhub 11ms (cache hit)
18 silly packumentCache full:https://registry.npmjs.org/clawdhub set size:12743 disposed:false
19 silly placeDep ROOT clawdhub@0.3.0 OK for:  want: *
20 silly fetch manifest @clack/prompts@^0.11.0
21 silly packumentCache full:https://registry.npmjs.org/@clack%2fprompts cache-miss
22 silly fetch manifest arktype@^2.1.29
23 silly packumentCache full:https://registry.npmjs.org/arktype cache-miss
24 silly fetch manifest commander@^14.0.2
25 silly packumentCache full:https://registry.npmjs.org/commander cache-miss
26 silly fetch manifest fflate@^0.8.2
27 silly packumentCache full:https://registry.npmjs.org/fflate cache-miss
28 silly fetch manifest ignore@^7.0.5
29 silly packumentCache full:https://registry.npmjs.org/ignore cache-miss
30 silly fetch manifest json5@^2.2.3
31 silly packumentCache full:https://registry.npmjs.org/json5 cache-miss
32 silly fetch manifest mime@^4.1.0
33 silly packumentCache full:https://registry.npmjs.org/mime cache-miss
34 silly fetch manifest ora@^9.0.0
35 silly packumentCache full:https://registry.npmjs.org/ora cache-miss
36 silly fetch manifest p-retry@^7.1.1
37 silly packumentCache full:https://registry.npmjs.org/p-retry cache-miss
38 silly fetch manifest semver@^7.7.3
39 silly packumentCache full:https://registry.npmjs.org/semver cache-miss
40 http cache https://registry.npmjs.org/fflate 17ms (cache hit)
41 silly packumentCache full:https://registry.npmjs.org/fflate set size:230492 disposed:false
42 http cache https://registry.npmjs.org/arktype 21ms (cache hit)
43 silly packumentCache full:https://registry.npmjs.org/arktype set size:413191 disposed:false
44 http cache https://registry.npmjs.org/mime 22ms (cache hit)
45 silly packumentCache full:https://registry.npmjs.org/mime set size:119236 disposed:false
46 http cache https://registry.npmjs.org/commander 25ms (cache hit)
47 silly packumentCache full:https://registry.npmjs.org/commander set size:345426 disposed:false
48 http cache https://registry.npmjs.org/p-retry 26ms (cache hit)
49 silly packumentCache full:https://registry.npmjs.org/p-retry set size:69543 disposed:false
50 http cache https://registry.npmjs.org/semver 28ms (cache hit)
51 silly packumentCache full:https://registry.npmjs.org/semver set size:226907 disposed:false
52 http cache https://registry.npmjs.org/@clack%2fprompts 33ms (cache hit)
53 silly packumentCache full:https://registry.npmjs.org/@clack%2fprompts set size:134408 disposed:false
54 http cache https://registry.npmjs.org/ora 33ms (cache hit)
55 silly packumentCache full:https://registry.npmjs.org/ora set size:137369 disposed:false
56 http cache https://registry.npmjs.org/ignore 37ms (cache hit)
57 silly packumentCache full:https://registry.npmjs.org/ignore set size:237380 disposed:false
58 http cache https://registry.npmjs.org/json5 38ms (cache hit)
59 silly packumentCache full:https://registry.npmjs.org/json5 set size:86136 disposed:false
60 silly placeDep ROOT @clack/prompts@0.11.0 OK for: clawdhub@0.3.0 want: ^0.11.0
61 silly placeDep ROOT arktype@2.1.29 OK for: clawdhub@0.3.0 want: ^2.1.29
62 silly placeDep ROOT commander@14.0.2 OK for: clawdhub@0.3.0 want: ^14.0.2
63 silly placeDep ROOT fflate@0.8.2 OK for: clawdhub@0.3.0 want: ^0.8.2
64 silly placeDep ROOT ignore@7.0.5 OK for: clawdhub@0.3.0 want: ^7.0.5
65 silly placeDep ROOT json5@2.2.3 OK for: clawdhub@0.3.0 want: ^2.2.3
66 silly placeDep ROOT mime@4.1.0 OK for: clawdhub@0.3.0 want: ^4.1.0
67 silly placeDep ROOT ora@9.1.0 OK for: clawdhub@0.3.0 want: ^9.0.0
68 silly placeDep ROOT p-retry@7.1.1 OK for: clawdhub@0.3.0 want: ^7.1.1
69 silly placeDep ROOT semver@7.7.3 OK for: clawdhub@0.3.0 want: ^7.7.3
70 silly fetch manifest picocolors@^1.0.0
71 silly packumentCache full:https://registry.npmjs.org/picocolors cache-miss
72 silly fetch manifest sisteransi@^1.0.5
73 silly packumentCache full:https://registry.npmjs.org/sisteransi cache-miss
74 silly fetch manifest @clack/core@0.5.0
75 silly packumentCache full:https://registry.npmjs.org/@clack%2fcore cache-miss
76 silly fetch manifest @ark/util@0.56.0
77 silly packumentCache full:https://registry.npmjs.org/@ark%2futil cache-miss
78 silly fetch manifest @ark/schema@0.56.0
79 silly packumentCache full:https://registry.npmjs.org/@ark%2fschema cache-miss
80 silly fetch manifest arkregex@0.0.5
81 silly packumentCache full:https://registry.npmjs.org/arkregex cache-miss
82 silly fetch manifest chalk@^5.6.2
83 silly packumentCache full:https://registry.npmjs.org/chalk cache-miss
84 silly fetch manifest cli-cursor@^5.0.0
85 silly packumentCache full:https://registry.npmjs.org/cli-cursor cache-miss
86 silly fetch manifest cli-spinners@^3.2.0
87 silly packumentCache full:https://registry.npmjs.org/cli-spinners cache-miss
88 silly fetch manifest is-interactive@^2.0.0
89 silly packumentCache full:https://registry.npmjs.org/is-interactive cache-miss
90 silly fetch manifest is-unicode-supported@^2.1.0
91 silly packumentCache full:https://registry.npmjs.org/is-unicode-supported cache-miss
92 silly fetch manifest log-symbols@^7.0.1
93 silly packumentCache full:https://registry.npmjs.org/log-symbols cache-miss
94 silly fetch manifest stdin-discarder@^0.2.2
95 silly packumentCache full:https://registry.npmjs.org/stdin-discarder cache-miss
96 silly fetch manifest string-width@^8.1.0
97 silly packumentCache full:https://registry.npmjs.org/string-width cache-miss
98 silly fetch manifest is-network-error@^1.1.0
99 silly packumentCache full:https://registry.npmjs.org/is-network-error cache-miss
100 http cache https://registry.npmjs.org/@ark%2futil 23ms (cache hit)
101 silly packumentCache full:https://registry.npmjs.org/@ark%2futil set size:118278 disposed:false
102 http cache https://registry.npmjs.org/@clack%2fcore 25ms (cache hit)
103 silly packumentCache full:https://registry.npmjs.org/@clack%2fcore set size:117348 disposed:false
104 http cache https://registry.npmjs.org/chalk 24ms (cache hit)
105 silly packumentCache full:https://registry.npmjs.org/chalk set size:117861 disposed:false
106 http cache https://registry.npmjs.org/is-interactive 25ms (cache hit)
107 silly packumentCache full:https://registry.npmjs.org/is-interactive set size:10692 disposed:false
108 http cache https://registry.npmjs.org/sisteransi 27ms (cache hit)
109 silly packumentCache full:https://registry.npmjs.org/sisteransi set size:23215 disposed:false
110 http cache https://registry.npmjs.org/cli-spinners 26ms (cache hit)
111 silly packumentCache full:https://registry.npmjs.org/cli-spinners set size:67473 disposed:false
112 http cache https://registry.npmjs.org/string-width 26ms (cache hit)
113 silly packumentCache full:https://registry.npmjs.org/string-width set size:64158 disposed:false
114 http cache https://registry.npmjs.org/is-network-error 26ms (cache hit)
115 silly packumentCache full:https://registry.npmjs.org/is-network-error set size:11083 disposed:false
116 http cache https://registry.npmjs.org/cli-cursor 28ms (cache hit)
117 silly packumentCache full:https://registry.npmjs.org/cli-cursor set size:18913 disposed:false
118 http cache https://registry.npmjs.org/log-symbols 28ms (cache hit)
119 silly packumentCache full:https://registry.npmjs.org/log-symbols set size:31977 disposed:false
120 http cache https://registry.npmjs.org/picocolors 31ms (cache hit)
121 silly packumentCache full:https://registry.npmjs.org/picocolors set size:16648 disposed:false
122 http cache https://registry.npmjs.org/stdin-discarder 28ms (cache hit)
123 silly packumentCache full:https://registry.npmjs.org/stdin-discarder set size:13423 disposed:false
124 http cache https://registry.npmjs.org/arkregex 31ms (cache hit)
125 silly packumentCache full:https://registry.npmjs.org/arkregex set size:12095 disposed:false
126 http cache https://registry.npmjs.org/is-unicode-supported 30ms (cache hit)
127 silly packumentCache full:https://registry.npmjs.org/is-unicode-supported set size:19461 disposed:false
128 http cache https://registry.npmjs.org/@ark%2fschema 32ms (cache hit)
129 silly packumentCache full:https://registry.npmjs.org/@ark%2fschema set size:154848 disposed:false
130 silly placeDep ROOT @clack/core@0.5.0 OK for: @clack/prompts@0.11.0 want: 0.5.0
131 silly placeDep ROOT picocolors@1.1.1 OK for: @clack/prompts@0.11.0 want: ^1.0.0
132 silly placeDep ROOT sisteransi@1.0.5 OK for: @clack/prompts@0.11.0 want: ^1.0.5
133 silly placeDep ROOT @ark/schema@0.56.0 OK for: arktype@2.1.29 want: 0.56.0
134 silly placeDep ROOT @ark/util@0.56.0 OK for: arktype@2.1.29 want: 0.56.0
135 silly placeDep ROOT arkregex@0.0.5 OK for: arktype@2.1.29 want: 0.0.5
136 silly placeDep ROOT chalk@5.6.2 OK for: ora@9.1.0 want: ^5.6.2
137 silly placeDep ROOT cli-cursor@5.0.0 OK for: ora@9.1.0 want: ^5.0.0
138 silly placeDep ROOT cli-spinners@3.4.0 OK for: ora@9.1.0 want: ^3.2.0
139 silly placeDep ROOT is-interactive@2.0.0 OK for: ora@9.1.0 want: ^2.0.0
140 silly placeDep ROOT is-unicode-supported@2.1.0 OK for: ora@9.1.0 want: ^2.1.0
141 silly placeDep ROOT log-symbols@7.0.1 OK for: ora@9.1.0 want: ^7.0.1
142 silly placeDep ROOT stdin-discarder@0.2.2 OK for: ora@9.1.0 want: ^0.2.2
143 silly placeDep ROOT string-width@8.1.0 OK for: ora@9.1.0 want: ^8.1.0
144 silly fetch manifest restore-cursor@^5.0.0
145 silly packumentCache full:https://registry.npmjs.org/restore-cursor cache-miss
146 silly fetch manifest yoctocolors@^2.1.1
147 silly packumentCache full:https://registry.npmjs.org/yoctocolors cache-miss
148 silly fetch manifest get-east-asian-width@^1.3.0
149 silly packumentCache full:https://registry.npmjs.org/get-east-asian-width cache-miss
150 silly fetch manifest strip-ansi@^7.1.0
151 silly packumentCache full:https://registry.npmjs.org/strip-ansi cache-miss
152 http cache https://registry.npmjs.org/restore-cursor 9ms (cache hit)
153 silly packumentCache full:https://registry.npmjs.org/restore-cursor set size:17895 disposed:false
154 http cache https://registry.npmjs.org/yoctocolors 9ms (cache hit)
155 silly packumentCache full:https://registry.npmjs.org/yoctocolors set size:25767 disposed:false
156 http cache https://registry.npmjs.org/get-east-asian-width 10ms (cache hit)
157 silly packumentCache full:https://registry.npmjs.org/get-east-asian-width set size:16137 disposed:false
158 http cache https://registry.npmjs.org/strip-ansi 11ms (cache hit)
159 silly packumentCache full:https://registry.npmjs.org/strip-ansi set size:41855 disposed:false
160 silly placeDep ROOT restore-cursor@5.1.0 OK for: cli-cursor@5.0.0 want: ^5.0.0
161 silly fetch manifest onetime@^7.0.0
162 silly packumentCache full:https://registry.npmjs.org/onetime cache-miss
163 silly fetch manifest signal-exit@^4.1.0
164 silly packumentCache full:https://registry.npmjs.org/signal-exit cache-miss
165 http cache https://registry.npmjs.org/onetime 3ms (cache hit)
166 silly packumentCache full:https://registry.npmjs.org/onetime set size:30525 disposed:false
167 http cache https://registry.npmjs.org/signal-exit 4ms (cache hit)
168 silly packumentCache full:https://registry.npmjs.org/signal-exit set size:53489 disposed:false
169 silly placeDep ROOT yoctocolors@2.1.2 OK for: log-symbols@7.0.1 want: ^2.1.1
170 silly placeDep ROOT is-network-error@1.3.0 OK for: p-retry@7.1.1 want: ^1.1.0
171 silly placeDep ROOT onetime@7.0.0 OK for: restore-cursor@5.1.0 want: ^7.0.0
172 silly placeDep ROOT signal-exit@4.1.0 OK for: restore-cursor@5.1.0 want: ^4.1.0
173 silly fetch manifest mimic-function@^5.0.0
174 silly packumentCache full:https://registry.npmjs.org/mimic-function cache-miss
175 http cache https://registry.npmjs.org/mimic-function 3ms (cache hit)
176 silly packumentCache full:https://registry.npmjs.org/mimic-function set size:6356 disposed:false
177 silly placeDep ROOT mimic-function@5.0.1 OK for: onetime@7.0.0 want: ^5.0.0
178 silly placeDep ROOT get-east-asian-width@1.4.0 OK for: string-width@8.1.0 want: ^1.3.0
179 silly placeDep ROOT strip-ansi@7.1.2 OK for: string-width@8.1.0 want: ^7.1.0
180 silly fetch manifest ansi-regex@^6.0.1
181 silly packumentCache full:https://registry.npmjs.org/ansi-regex cache-miss
182 http cache https://registry.npmjs.org/ansi-regex 3ms (cache hit)
183 silly packumentCache full:https://registry.npmjs.org/ansi-regex set size:43572 disposed:false
184 silly placeDep ROOT ansi-regex@6.2.2 OK for: strip-ansi@7.1.2 want: ^6.0.1
185 silly reify moves {}
186 http cache ansi-regex@https://registry.npmjs.org/ansi-regex/-/ansi-regex-6.2.2.tgz 0ms (cache hit)
187 http cache strip-ansi@https://registry.npmjs.org/strip-ansi/-/strip-ansi-7.1.2.tgz 0ms (cache hit)
188 http cache get-east-asian-width@https://registry.npmjs.org/get-east-asian-width/-/get-east-asian-width-1.4.0.tgz 0ms (cache hit)
189 http cache mimic-function@https://registry.npmjs.org/mimic-function/-/mimic-function-5.0.1.tgz 0ms (cache hit)
190 http cache signal-exit@https://registry.npmjs.org/signal-exit/-/signal-exit-4.1.0.tgz 0ms (cache hit)
191 http cache onetime@https://registry.npmjs.org/onetime/-/onetime-7.0.0.tgz 0ms (cache hit)
192 http cache is-network-error@https://registry.npmjs.org/is-network-error/-/is-network-error-1.3.0.tgz 0ms (cache hit)
193 http cache yoctocolors@https://registry.npmjs.org/yoctocolors/-/yoctocolors-2.1.2.tgz 0ms (cache hit)
194 http cache restore-cursor@https://registry.npmjs.org/restore-cursor/-/restore-cursor-5.1.0.tgz 0ms (cache hit)
195 http cache string-width@https://registry.npmjs.org/string-width/-/string-width-8.1.0.tgz 0ms (cache hit)
196 http cache stdin-discarder@https://registry.npmjs.org/stdin-discarder/-/stdin-discarder-0.2.2.tgz 0ms (cache hit)
197 http cache log-symbols@https://registry.npmjs.org/log-symbols/-/log-symbols-7.0.1.tgz 0ms (cache hit)
198 http cache is-unicode-supported@https://registry.npmjs.org/is-unicode-supported/-/is-unicode-supported-2.1.0.tgz 0ms (cache hit)
199 http cache is-interactive@https://registry.npmjs.org/is-interactive/-/is-interactive-2.0.0.tgz 0ms (cache hit)
200 http cache cli-spinners@https://registry.npmjs.org/cli-spinners/-/cli-spinners-3.4.0.tgz 0ms (cache hit)
201 http cache cli-cursor@https://registry.npmjs.org/cli-cursor/-/cli-cursor-5.0.0.tgz 0ms (cache hit)
202 http cache chalk@https://registry.npmjs.org/chalk/-/chalk-5.6.2.tgz 0ms (cache hit)
203 http cache arkregex@https://registry.npmjs.org/arkregex/-/arkregex-0.0.5.tgz 0ms (cache hit)
204 http cache @ark/util@https://registry.npmjs.org/@ark/util/-/util-0.56.0.tgz 0ms (cache hit)
205 http cache @ark/schema@https://registry.npmjs.org/@ark/schema/-/schema-0.56.0.tgz 0ms (cache hit)
206 http cache sisteransi@https://registry.npmjs.org/sisteransi/-/sisteransi-1.0.5.tgz 0ms (cache hit)
207 http cache picocolors@https://registry.npmjs.org/picocolors/-/picocolors-1.1.1.tgz 0ms (cache hit)
208 http cache @clack/core@https://registry.npmjs.org/@clack/core/-/core-0.5.0.tgz 0ms (cache hit)
209 http cache semver@https://registry.npmjs.org/semver/-/semver-7.7.3.tgz 0ms (cache hit)
210 http cache p-retry@https://registry.npmjs.org/p-retry/-/p-retry-7.1.1.tgz 0ms (cache hit)
211 http cache ora@https://registry.npmjs.org/ora/-/ora-9.1.0.tgz 0ms (cache hit)
212 http cache mime@https://registry.npmjs.org/mime/-/mime-4.1.0.tgz 0ms (cache hit)
213 http cache ignore@https://registry.npmjs.org/ignore/-/ignore-7.0.5.tgz 0ms (cache hit)
214 http cache commander@https://registry.npmjs.org/commander/-/commander-14.0.2.tgz 0ms (cache hit)
215 http cache arktype@https://registry.npmjs.org/arktype/-/arktype-2.1.29.tgz 0ms (cache hit)
216 http cache @clack/prompts@https://registry.npmjs.org/@clack/prompts/-/prompts-0.11.0.tgz 0ms (cache hit)
217 http cache clawdhub@https://registry.npmjs.org/clawdhub/-/clawdhub-0.3.0.tgz 0ms (cache hit)
218 http cache json5@https://registry.npmjs.org/json5/-/json5-2.2.3.tgz 0ms (cache hit)
219 http cache fflate@https://registry.npmjs.org/fflate/-/fflate-0.8.2.tgz 0ms (cache hit)
220 silly ADD node_modules/ansi-regex
221 silly ADD node_modules/strip-ansi
222 silly ADD node_modules/get-east-asian-width
223 silly ADD node_modules/mimic-function
224 silly ADD node_modules/signal-exit
225 silly ADD node_modules/onetime
226 silly ADD node_modules/is-network-error
227 silly ADD node_modules/yoctocolors
228 silly ADD node_modules/restore-cursor
229 silly ADD node_modules/string-width
230 silly ADD node_modules/stdin-discarder
231 silly ADD node_modules/log-symbols
232 silly ADD node_modules/is-unicode-supported
233 silly ADD node_modules/is-interactive
234 silly ADD node_modules/cli-spinners
235 silly ADD node_modules/cli-cursor
236 silly ADD node_modules/chalk
237 silly ADD node_modules/arkregex
238 silly ADD node_modules/@ark/util
239 silly ADD node_modules/@ark/schema
240 silly ADD node_modules/sisteransi
241 silly ADD node_modules/picocolors
242 silly ADD node_modules/@clack/core
243 silly ADD node_modules/semver
244 silly ADD node_modules/p-retry
245 silly ADD node_modules/ora
246 silly ADD node_modules/mime
247 silly ADD node_modules/json5
248 silly ADD node_modules/ignore
249 silly ADD node_modules/fflate
250 silly ADD node_modules/commander
251 silly ADD node_modules/arktype
252 silly ADD node_modules/@clack/prompts
253 silly ADD node_modules/clawdhub
254 verbose cwd /home/liam/clawdbot
255 verbose os Linux 6.6.87.2-microsoft-standard-WSL2
256 verbose node v22.22.0
257 verbose npm  v10.9.4
258 verbose exit 0
259 info ok
