0 verbose cli /usr/bin/node /usr/bin/npm
1 info using npm@10.9.4
2 info using node@v22.22.0
3 silly config load:file:/usr/lib/node_modules/npm/npmrc
4 silly config load:file:/home/liam/.npmrc
5 silly config load:file:/usr/etc/npmrc
6 verbose title npm i clawdhub
7 verbose argv "i" "--global" "clawdhub"
8 verbose logfile logs-max:10 dir:/home/liam/.npm/_logs/2026-01-26T06_03_25_653Z-
9 verbose logfile /home/liam/.npm/_logs/2026-01-26T06_03_25_653Z-debug-0.log
10 silly packumentCache heap:4345298944 maxSize:1086324736 maxEntrySize:543162368
11 silly logfile start cleaning logs, removing 1 files
12 silly logfile done cleaning log files
13 silly idealTree buildDeps
14 silly fetch manifest clawdhub@*
15 silly packumentCache full:https://registry.npmjs.org/clawdhub cache-miss
16 http fetch GET 200 https://registry.npmjs.org/clawdhub 185ms (cache revalidated)
17 silly packumentCache full:https://registry.npmjs.org/clawdhub set size:12743 disposed:false
18 silly placeDep ROOT clawdhub@0.3.0 OK for:  want: *
19 silly fetch manifest @clack/prompts@^0.11.0
20 silly packumentCache full:https://registry.npmjs.org/@clack%2fprompts cache-miss
21 silly fetch manifest arktype@^2.1.29
22 silly packumentCache full:https://registry.npmjs.org/arktype cache-miss
23 silly fetch manifest commander@^14.0.2
24 silly packumentCache full:https://registry.npmjs.org/commander cache-miss
25 silly fetch manifest fflate@^0.8.2
26 silly packumentCache full:https://registry.npmjs.org/fflate cache-miss
27 silly fetch manifest ignore@^7.0.5
28 silly packumentCache full:https://registry.npmjs.org/ignore cache-miss
29 silly fetch manifest json5@^2.2.3
30 silly packumentCache full:https://registry.npmjs.org/json5 cache-miss
31 silly fetch manifest mime@^4.1.0
32 silly packumentCache full:https://registry.npmjs.org/mime cache-miss
33 silly fetch manifest ora@^9.0.0
34 silly packumentCache full:https://registry.npmjs.org/ora cache-miss
35 silly fetch manifest p-retry@^7.1.1
36 silly packumentCache full:https://registry.npmjs.org/p-retry cache-miss
37 silly fetch manifest semver@^7.7.3
38 silly packumentCache full:https://registry.npmjs.org/semver cache-miss
39 http fetch GET 200 https://registry.npmjs.org/@clack%2fprompts 86ms (cache revalidated)
40 silly packumentCache full:https://registry.npmjs.org/@clack%2fprompts set size:134408 disposed:false
41 http fetch GET 200 https://registry.npmjs.org/fflate 124ms (cache revalidated)
42 silly packumentCache full:https://registry.npmjs.org/fflate set size:230492 disposed:false
43 http fetch GET 200 https://registry.npmjs.org/ignore 129ms (cache revalidated)
44 silly packumentCache full:https://registry.npmjs.org/ignore set size:237380 disposed:false
45 http fetch GET 200 https://registry.npmjs.org/arktype 136ms (cache revalidated)
46 silly packumentCache full:https://registry.npmjs.org/arktype set size:413191 disposed:false
47 http fetch GET 200 https://registry.npmjs.org/p-retry 138ms (cache revalidated)
48 silly packumentCache full:https://registry.npmjs.org/p-retry set size:69543 disposed:false
49 http fetch GET 200 https://registry.npmjs.org/json5 148ms (cache revalidated)
50 silly packumentCache full:https://registry.npmjs.org/json5 set size:86136 disposed:false
51 http fetch GET 200 https://registry.npmjs.org/commander 154ms (cache revalidated)
52 silly packumentCache full:https://registry.npmjs.org/commander set size:345426 disposed:false
53 http fetch GET 200 https://registry.npmjs.org/ora 161ms (cache revalidated)
54 silly packumentCache full:https://registry.npmjs.org/ora set size:137369 disposed:false
55 http fetch GET 200 https://registry.npmjs.org/semver 165ms (cache revalidated)
56 silly packumentCache full:https://registry.npmjs.org/semver set size:226907 disposed:false
57 http fetch GET 200 https://registry.npmjs.org/mime 200ms (cache revalidated)
58 silly packumentCache full:https://registry.npmjs.org/mime set size:119236 disposed:false
59 silly placeDep node_modules/clawdhub @clack/prompts@0.11.0 OK for: clawdhub@0.3.0 want: ^0.11.0
60 silly placeDep node_modules/clawdhub arktype@2.1.29 OK for: clawdhub@0.3.0 want: ^2.1.29
61 silly placeDep node_modules/clawdhub commander@14.0.2 OK for: clawdhub@0.3.0 want: ^14.0.2
62 silly placeDep node_modules/clawdhub fflate@0.8.2 OK for: clawdhub@0.3.0 want: ^0.8.2
63 silly placeDep node_modules/clawdhub ignore@7.0.5 OK for: clawdhub@0.3.0 want: ^7.0.5
64 silly placeDep node_modules/clawdhub json5@2.2.3 OK for: clawdhub@0.3.0 want: ^2.2.3
65 silly placeDep node_modules/clawdhub mime@4.1.0 OK for: clawdhub@0.3.0 want: ^4.1.0
66 silly placeDep node_modules/clawdhub ora@9.1.0 OK for: clawdhub@0.3.0 want: ^9.0.0
67 silly placeDep node_modules/clawdhub p-retry@7.1.1 OK for: clawdhub@0.3.0 want: ^7.1.1
68 silly placeDep node_modules/clawdhub semver@7.7.3 OK for: clawdhub@0.3.0 want: ^7.7.3
69 silly fetch manifest picocolors@^1.0.0
70 silly packumentCache full:https://registry.npmjs.org/picocolors cache-miss
71 silly fetch manifest sisteransi@^1.0.5
72 silly packumentCache full:https://registry.npmjs.org/sisteransi cache-miss
73 silly fetch manifest @clack/core@0.5.0
74 silly packumentCache full:https://registry.npmjs.org/@clack%2fcore cache-miss
75 silly fetch manifest @ark/util@0.56.0
76 silly packumentCache full:https://registry.npmjs.org/@ark%2futil cache-miss
77 silly fetch manifest @ark/schema@0.56.0
78 silly packumentCache full:https://registry.npmjs.org/@ark%2fschema cache-miss
79 silly fetch manifest arkregex@0.0.5
80 silly packumentCache full:https://registry.npmjs.org/arkregex cache-miss
81 silly fetch manifest chalk@^5.6.2
82 silly packumentCache full:https://registry.npmjs.org/chalk cache-miss
83 silly fetch manifest cli-cursor@^5.0.0
84 silly packumentCache full:https://registry.npmjs.org/cli-cursor cache-miss
85 silly fetch manifest cli-spinners@^3.2.0
86 silly packumentCache full:https://registry.npmjs.org/cli-spinners cache-miss
87 silly fetch manifest is-interactive@^2.0.0
88 silly packumentCache full:https://registry.npmjs.org/is-interactive cache-miss
89 silly fetch manifest is-unicode-supported@^2.1.0
90 silly packumentCache full:https://registry.npmjs.org/is-unicode-supported cache-miss
91 silly fetch manifest log-symbols@^7.0.1
92 silly packumentCache full:https://registry.npmjs.org/log-symbols cache-miss
93 silly fetch manifest stdin-discarder@^0.2.2
94 silly packumentCache full:https://registry.npmjs.org/stdin-discarder cache-miss
95 silly fetch manifest string-width@^8.1.0
96 silly packumentCache full:https://registry.npmjs.org/string-width cache-miss
97 silly fetch manifest is-network-error@^1.1.0
98 silly packumentCache full:https://registry.npmjs.org/is-network-error cache-miss
99 http fetch GET 200 https://registry.npmjs.org/is-unicode-supported 68ms (cache revalidated)
100 silly packumentCache full:https://registry.npmjs.org/is-unicode-supported set size:19461 disposed:false
101 http fetch GET 200 https://registry.npmjs.org/sisteransi 71ms (cache revalidated)
102 silly packumentCache full:https://registry.npmjs.org/sisteransi set size:23215 disposed:false
103 http fetch GET 200 https://registry.npmjs.org/picocolors 72ms (cache revalidated)
104 silly packumentCache full:https://registry.npmjs.org/picocolors set size:16648 disposed:false
105 http fetch GET 200 https://registry.npmjs.org/chalk 70ms (cache revalidated)
106 silly packumentCache full:https://registry.npmjs.org/chalk set size:117861 disposed:false
107 http fetch GET 200 https://registry.npmjs.org/cli-cursor 74ms (cache revalidated)
108 silly packumentCache full:https://registry.npmjs.org/cli-cursor set size:18913 disposed:false
109 http fetch GET 200 https://registry.npmjs.org/is-interactive 76ms (cache revalidated)
110 silly packumentCache full:https://registry.npmjs.org/is-interactive set size:10692 disposed:false
111 http fetch GET 200 https://registry.npmjs.org/cli-spinners 87ms (cache revalidated)
112 silly packumentCache full:https://registry.npmjs.org/cli-spinners set size:67473 disposed:false
113 http fetch GET 200 https://registry.npmjs.org/@clack%2fcore 97ms (cache revalidated)
114 silly packumentCache full:https://registry.npmjs.org/@clack%2fcore set size:117348 disposed:false
115 http fetch GET 200 https://registry.npmjs.org/@ark%2futil 144ms (cache revalidated)
116 silly packumentCache full:https://registry.npmjs.org/@ark%2futil set size:118278 disposed:false
117 http fetch GET 200 https://registry.npmjs.org/@ark%2fschema 159ms (cache revalidated)
118 silly packumentCache full:https://registry.npmjs.org/@ark%2fschema set size:154848 disposed:false
119 http fetch GET 200 https://registry.npmjs.org/string-width 159ms (cache revalidated)
120 silly packumentCache full:https://registry.npmjs.org/string-width set size:64158 disposed:false
121 http fetch GET 200 https://registry.npmjs.org/stdin-discarder 167ms (cache revalidated)
122 silly packumentCache full:https://registry.npmjs.org/stdin-discarder set size:13423 disposed:false
123 http fetch GET 200 https://registry.npmjs.org/is-network-error 192ms (cache revalidated)
124 silly packumentCache full:https://registry.npmjs.org/is-network-error set size:11083 disposed:false
125 http fetch GET 200 https://registry.npmjs.org/log-symbols 209ms (cache revalidated)
126 silly packumentCache full:https://registry.npmjs.org/log-symbols set size:31977 disposed:false
127 http fetch GET 200 https://registry.npmjs.org/arkregex 220ms (cache revalidated)
128 silly packumentCache full:https://registry.npmjs.org/arkregex set size:12095 disposed:false
129 silly placeDep node_modules/clawdhub @clack/core@0.5.0 OK for: @clack/prompts@0.11.0 want: 0.5.0
130 silly placeDep node_modules/clawdhub picocolors@1.1.1 OK for: @clack/prompts@0.11.0 want: ^1.0.0
131 silly placeDep node_modules/clawdhub sisteransi@1.0.5 OK for: @clack/prompts@0.11.0 want: ^1.0.5
132 silly placeDep node_modules/clawdhub @ark/schema@0.56.0 OK for: arktype@2.1.29 want: 0.56.0
133 silly placeDep node_modules/clawdhub @ark/util@0.56.0 OK for: arktype@2.1.29 want: 0.56.0
134 silly placeDep node_modules/clawdhub arkregex@0.0.5 OK for: arktype@2.1.29 want: 0.0.5
135 silly placeDep node_modules/clawdhub chalk@5.6.2 OK for: ora@9.1.0 want: ^5.6.2
136 silly placeDep node_modules/clawdhub cli-cursor@5.0.0 OK for: ora@9.1.0 want: ^5.0.0
137 silly placeDep node_modules/clawdhub cli-spinners@3.4.0 OK for: ora@9.1.0 want: ^3.2.0
138 silly placeDep node_modules/clawdhub is-interactive@2.0.0 OK for: ora@9.1.0 want: ^2.0.0
139 silly placeDep node_modules/clawdhub is-unicode-supported@2.1.0 OK for: ora@9.1.0 want: ^2.1.0
140 silly placeDep node_modules/clawdhub log-symbols@7.0.1 OK for: ora@9.1.0 want: ^7.0.1
141 silly placeDep node_modules/clawdhub stdin-discarder@0.2.2 OK for: ora@9.1.0 want: ^0.2.2
142 silly placeDep node_modules/clawdhub string-width@8.1.0 OK for: ora@9.1.0 want: ^8.1.0
143 silly fetch manifest restore-cursor@^5.0.0
144 silly packumentCache full:https://registry.npmjs.org/restore-cursor cache-miss
145 silly fetch manifest yoctocolors@^2.1.1
146 silly packumentCache full:https://registry.npmjs.org/yoctocolors cache-miss
147 silly fetch manifest get-east-asian-width@^1.3.0
148 silly packumentCache full:https://registry.npmjs.org/get-east-asian-width cache-miss
149 silly fetch manifest strip-ansi@^7.1.0
150 silly packumentCache full:https://registry.npmjs.org/strip-ansi cache-miss
151 http fetch GET 200 https://registry.npmjs.org/yoctocolors 47ms (cache revalidated)
152 silly packumentCache full:https://registry.npmjs.org/yoctocolors set size:25767 disposed:false
153 http fetch GET 200 https://registry.npmjs.org/get-east-asian-width 51ms (cache revalidated)
154 silly packumentCache full:https://registry.npmjs.org/get-east-asian-width set size:16137 disposed:false
155 http fetch GET 200 https://registry.npmjs.org/strip-ansi 66ms (cache revalidated)
156 silly packumentCache full:https://registry.npmjs.org/strip-ansi set size:41855 disposed:false
157 http fetch GET 200 https://registry.npmjs.org/restore-cursor 67ms (cache revalidated)
158 silly packumentCache full:https://registry.npmjs.org/restore-cursor set size:17895 disposed:false
159 silly placeDep node_modules/clawdhub restore-cursor@5.1.0 OK for: cli-cursor@5.0.0 want: ^5.0.0
160 silly fetch manifest onetime@^7.0.0
161 silly packumentCache full:https://registry.npmjs.org/onetime cache-miss
162 silly fetch manifest signal-exit@^4.1.0
163 silly packumentCache full:https://registry.npmjs.org/signal-exit cache-miss
164 http fetch GET 200 https://registry.npmjs.org/signal-exit 48ms (cache revalidated)
165 silly packumentCache full:https://registry.npmjs.org/signal-exit set size:53489 disposed:false
166 http fetch GET 200 https://registry.npmjs.org/onetime 57ms (cache revalidated)
167 silly packumentCache full:https://registry.npmjs.org/onetime set size:30525 disposed:false
168 silly placeDep node_modules/clawdhub yoctocolors@2.1.2 OK for: log-symbols@7.0.1 want: ^2.1.1
169 silly placeDep node_modules/clawdhub is-network-error@1.3.0 OK for: p-retry@7.1.1 want: ^1.1.0
170 silly placeDep node_modules/clawdhub onetime@7.0.0 OK for: restore-cursor@5.1.0 want: ^7.0.0
171 silly placeDep node_modules/clawdhub signal-exit@4.1.0 OK for: restore-cursor@5.1.0 want: ^4.1.0
172 silly fetch manifest mimic-function@^5.0.0
173 silly packumentCache full:https://registry.npmjs.org/mimic-function cache-miss
174 http fetch GET 200 https://registry.npmjs.org/mimic-function 44ms (cache revalidated)
175 silly packumentCache full:https://registry.npmjs.org/mimic-function set size:6356 disposed:false
176 silly placeDep node_modules/clawdhub mimic-function@5.0.1 OK for: onetime@7.0.0 want: ^5.0.0
177 silly placeDep node_modules/clawdhub get-east-asian-width@1.4.0 OK for: string-width@8.1.0 want: ^1.3.0
178 silly placeDep node_modules/clawdhub strip-ansi@7.1.2 OK for: string-width@8.1.0 want: ^7.1.0
179 silly fetch manifest ansi-regex@^6.0.1
180 silly packumentCache full:https://registry.npmjs.org/ansi-regex cache-miss
181 http fetch GET 200 https://registry.npmjs.org/ansi-regex 53ms (cache revalidated)
182 silly packumentCache full:https://registry.npmjs.org/ansi-regex set size:43572 disposed:false
183 silly placeDep node_modules/clawdhub ansi-regex@6.2.2 OK for: strip-ansi@7.1.2 want: ^6.0.1
184 silly reify moves {}
185 verbose stack Error: EACCES: permission denied, mkdir '/usr/lib/node_modules/clawdhub'
185 verbose stack     at async mkdir (node:internal/fs/promises:855:10)
185 verbose stack     at async /usr/lib/node_modules/npm/node_modules/@npmcli/arborist/lib/arborist/reify.js:624:20
185 verbose stack     at async Promise.allSettled (index 0)
185 verbose stack     at async [reifyPackages] (/usr/lib/node_modules/npm/node_modules/@npmcli/arborist/lib/arborist/reify.js:325:11)
185 verbose stack     at async Arborist.reify (/usr/lib/node_modules/npm/node_modules/@npmcli/arborist/lib/arborist/reify.js:142:5)
185 verbose stack     at async Install.exec (/usr/lib/node_modules/npm/lib/commands/install.js:150:5)
185 verbose stack     at async Npm.exec (/usr/lib/node_modules/npm/lib/npm.js:207:9)
185 verbose stack     at async module.exports (/usr/lib/node_modules/npm/lib/cli/entry.js:74:5)
186 error code EACCES
187 error syscall mkdir
188 error path /usr/lib/node_modules/clawdhub
189 error errno -13
190 error Error: EACCES: permission denied, mkdir '/usr/lib/node_modules/clawdhub'
190 error     at async mkdir (node:internal/fs/promises:855:10)
190 error     at async /usr/lib/node_modules/npm/node_modules/@npmcli/arborist/lib/arborist/reify.js:624:20
190 error     at async Promise.allSettled (index 0)
190 error     at async [reifyPackages] (/usr/lib/node_modules/npm/node_modules/@npmcli/arborist/lib/arborist/reify.js:325:11)
190 error     at async Arborist.reify (/usr/lib/node_modules/npm/node_modules/@npmcli/arborist/lib/arborist/reify.js:142:5)
190 error     at async Install.exec (/usr/lib/node_modules/npm/lib/commands/install.js:150:5)
190 error     at async Npm.exec (/usr/lib/node_modules/npm/lib/npm.js:207:9)
190 error     at async module.exports (/usr/lib/node_modules/npm/lib/cli/entry.js:74:5) {
190 error   errno: -13,
190 error   code: 'EACCES',
190 error   syscall: 'mkdir',
190 error   path: '/usr/lib/node_modules/clawdhub'
190 error }
191 error
191 error The operation was rejected by your operating system.
191 error It is likely you do not have the permissions to access this file as the current user
191 error
191 error If you believe this might be a permissions issue, please double-check the
191 error permissions of the file and its containing directories, or try running
191 error the command again as root/Administrator.
192 silly unfinished npm timer reify 1769407405781
193 silly unfinished npm timer reify:createSparse 1769407406655
194 verbose cwd /home/liam/clawdbot
195 verbose os Linux 6.6.87.2-microsoft-standard-WSL2
196 verbose node v22.22.0
197 verbose npm  v10.9.4
198 verbose exit -13
199 verbose code -13
200 error A complete log of this run can be found in: /home/liam/.npm/_logs/2026-01-26T06_03_25_653Z-debug-0.log
